{"/home/ansku/sorsat/omat/stonkstable/src/App.css": {"path":"/home/ansku/sorsat/omat/stonkstable/src/App.css","statementMap":{},"fnMap":{},"branchMap":{},"s":{},"f":{},"b":{},"meta":{"lastBranch":0,"lastFunction":0,"lastStatement":0,"seen":{}}}
,"/home/ansku/sorsat/omat/stonkstable/src/App.tsx": {"path":"/home/ansku/sorsat/omat/stonkstable/src/App.tsx","statementMap":{"0":{"start":{"line":17,"column":6},"end":{"line":38,"column":null}},"1":{"start":{"line":41,"column":8},"end":{"line":41,"column":null}},"2":{"start":{"line":42,"column":8},"end":{"line":42,"column":null}},"3":{"start":{"line":44,"column":2},"end":{"line":126,"column":null}}},"fnMap":{"0":{"name":"App","decl":{"start":{"line":40,"column":9},"end":{"line":40,"column":35}},"loc":{"start":{"line":40,"column":35},"end":{"line":128,"column":null}},"line":40}},"branchMap":{"0":{"loc":{"start":{"line":52,"column":18},"end":{"line":52,"column":null}},"type":"cond-expr","locations":[{"start":{"line":52,"column":33},"end":{"line":52,"column":42}},{"start":{"line":52,"column":42},"end":{"line":52,"column":null}}],"line":52},"1":{"loc":{"start":{"line":52,"column":42},"end":{"line":52,"column":null}},"type":"cond-expr","locations":[{"start":{"line":52,"column":53},"end":{"line":52,"column":62}},{"start":{"line":52,"column":62},"end":{"line":52,"column":null}}],"line":52},"2":{"loc":{"start":{"line":53,"column":21},"end":{"line":53,"column":null}},"type":"cond-expr","locations":[{"start":{"line":53,"column":32},"end":{"line":53,"column":36}},{"start":{"line":53,"column":36},"end":{"line":53,"column":null}}],"line":53},"3":{"loc":{"start":{"line":70,"column":29},"end":{"line":70,"column":null}},"type":"cond-expr","locations":[{"start":{"line":70,"column":40},"end":{"line":70,"column":51}},{"start":{"line":70,"column":51},"end":{"line":70,"column":null}}],"line":70},"4":{"loc":{"start":{"line":71,"column":18},"end":{"line":71,"column":null}},"type":"cond-expr","locations":[{"start":{"line":71,"column":33},"end":{"line":71,"column":39}},{"start":{"line":71,"column":39},"end":{"line":71,"column":null}}],"line":71},"5":{"loc":{"start":{"line":71,"column":39},"end":{"line":71,"column":null}},"type":"cond-expr","locations":[{"start":{"line":71,"column":50},"end":{"line":71,"column":54}},{"start":{"line":71,"column":54},"end":{"line":71,"column":null}}],"line":71},"6":{"loc":{"start":{"line":72,"column":25},"end":{"line":72,"column":null}},"type":"cond-expr","locations":[{"start":{"line":72,"column":40},"end":{"line":72,"column":49}},{"start":{"line":72,"column":49},"end":{"line":72,"column":null}}],"line":72},"7":{"loc":{"start":{"line":72,"column":49},"end":{"line":72,"column":null}},"type":"cond-expr","locations":[{"start":{"line":72,"column":60},"end":{"line":72,"column":69}},{"start":{"line":72,"column":69},"end":{"line":72,"column":null}}],"line":72},"8":{"loc":{"start":{"line":79,"column":23},"end":{"line":79,"column":null}},"type":"cond-expr","locations":[{"start":{"line":79,"column":38},"end":{"line":79,"column":45}},{"start":{"line":79,"column":45},"end":{"line":79,"column":null}}],"line":79},"9":{"loc":{"start":{"line":79,"column":45},"end":{"line":79,"column":null}},"type":"cond-expr","locations":[{"start":{"line":79,"column":56},"end":{"line":79,"column":63}},{"start":{"line":79,"column":63},"end":{"line":79,"column":null}}],"line":79},"10":{"loc":{"start":{"line":85,"column":20},"end":{"line":85,"column":null}},"type":"cond-expr","locations":[{"start":{"line":85,"column":31},"end":{"line":85,"column":35}},{"start":{"line":85,"column":35},"end":{"line":85,"column":null}}],"line":85},"11":{"loc":{"start":{"line":86,"column":31},"end":{"line":86,"column":null}},"type":"cond-expr","locations":[{"start":{"line":86,"column":42},"end":{"line":86,"column":53}},{"start":{"line":86,"column":53},"end":{"line":86,"column":null}}],"line":86},"12":{"loc":{"start":{"line":87,"column":26},"end":{"line":87,"column":null}},"type":"cond-expr","locations":[{"start":{"line":87,"column":41},"end":{"line":87,"column":50}},{"start":{"line":87,"column":50},"end":{"line":87,"column":null}}],"line":87},"13":{"loc":{"start":{"line":87,"column":50},"end":{"line":87,"column":null}},"type":"cond-expr","locations":[{"start":{"line":87,"column":61},"end":{"line":87,"column":72}},{"start":{"line":87,"column":72},"end":{"line":87,"column":null}}],"line":87},"14":{"loc":{"start":{"line":88,"column":28},"end":{"line":88,"column":null}},"type":"cond-expr","locations":[{"start":{"line":88,"column":39},"end":{"line":88,"column":45}},{"start":{"line":88,"column":45},"end":{"line":88,"column":null}}],"line":88},"15":{"loc":{"start":{"line":111,"column":19},"end":{"line":111,"column":null}},"type":"cond-expr","locations":[{"start":{"line":111,"column":30},"end":{"line":111,"column":44}},{"start":{"line":111,"column":44},"end":{"line":111,"column":null}}],"line":111},"16":{"loc":{"start":{"line":117,"column":22},"end":{"line":117,"column":null}},"type":"cond-expr","locations":[{"start":{"line":117,"column":33},"end":{"line":117,"column":44}},{"start":{"line":117,"column":44},"end":{"line":117,"column":null}}],"line":117}},"s":{"0":1,"1":14,"2":14,"3":14},"f":{"0":14},"b":{"0":[0,14],"1":[0,14],"2":[0,14],"3":[0,14],"4":[0,14],"5":[0,14],"6":[0,14],"7":[0,14],"8":[0,14],"9":[0,14],"10":[0,14],"11":[0,14],"12":[0,14],"13":[0,14],"14":[0,14],"15":[0,14],"16":[0,14]},"meta":{"lastBranch":17,"lastFunction":1,"lastStatement":4,"seen":{"s:17:6:38:Infinity":0,"f:40:9:40:35":0,"s:41:8:41:Infinity":1,"s:42:8:42:Infinity":2,"s:44:2:126:Infinity":3,"b:52:33:52:42:52:42:52:Infinity":0,"b:52:53:52:62:52:62:52:Infinity":1,"b:53:32:53:36:53:36:53:Infinity":2,"b:70:40:70:51:70:51:70:Infinity":3,"b:71:33:71:39:71:39:71:Infinity":4,"b:71:50:71:54:71:54:71:Infinity":5,"b:72:40:72:49:72:49:72:Infinity":6,"b:72:60:72:69:72:69:72:Infinity":7,"b:79:38:79:45:79:45:79:Infinity":8,"b:79:56:79:63:79:63:79:Infinity":9,"b:85:31:85:35:85:35:85:Infinity":10,"b:86:42:86:53:86:53:86:Infinity":11,"b:87:41:87:50:87:50:87:Infinity":12,"b:87:61:87:72:87:72:87:Infinity":13,"b:88:39:88:45:88:45:88:Infinity":14,"b:111:30:111:44:111:44:111:Infinity":15,"b:117:33:117:44:117:44:117:Infinity":16}}}
,"/home/ansku/sorsat/omat/stonkstable/src/assets/he.json": {"path":"/home/ansku/sorsat/omat/stonkstable/src/assets/he.json","statementMap":{},"fnMap":{},"branchMap":{},"s":{},"f":{},"b":{},"meta":{"lastBranch":0,"lastFunction":0,"lastStatement":0,"seen":{}}}
,"/home/ansku/sorsat/omat/stonkstable/src/assets/lse.json": {"path":"/home/ansku/sorsat/omat/stonkstable/src/assets/lse.json","statementMap":{},"fnMap":{},"branchMap":{},"s":{},"f":{},"b":{},"meta":{"lastBranch":0,"lastFunction":0,"lastStatement":0,"seen":{}}}
,"/home/ansku/sorsat/omat/stonkstable/src/assets/us.json": {"path":"/home/ansku/sorsat/omat/stonkstable/src/assets/us.json","statementMap":{},"fnMap":{},"branchMap":{},"s":{},"f":{},"b":{},"meta":{"lastBranch":0,"lastFunction":0,"lastStatement":0,"seen":{}}}
,"/home/ansku/sorsat/omat/stonkstable/src/components/Table/StockTable.tsx": {"path":"/home/ansku/sorsat/omat/stonkstable/src/components/Table/StockTable.tsx","statementMap":{"0":{"start":{"line":66,"column":19},"end":{"line":602,"column":null}},"1":{"start":{"line":67,"column":8},"end":{"line":67,"column":null}},"2":{"start":{"line":68,"column":8},"end":{"line":68,"column":null}},"3":{"start":{"line":69,"column":8},"end":{"line":69,"column":null}},"4":{"start":{"line":70,"column":8},"end":{"line":70,"column":null}},"5":{"start":{"line":73,"column":38},"end":{"line":73,"column":null}},"6":{"start":{"line":75,"column":8},"end":{"line":91,"column":null}},"7":{"start":{"line":76,"column":4},"end":{"line":90,"column":null}},"8":{"start":{"line":77,"column":6},"end":{"line":79,"column":null}},"9":{"start":{"line":78,"column":23},"end":{"line":78,"column":51}},"10":{"start":{"line":79,"column":20},"end":{"line":79,"column":26}},"11":{"start":{"line":80,"column":4},"end":{"line":90,"column":null}},"12":{"start":{"line":81,"column":6},"end":{"line":83,"column":null}},"13":{"start":{"line":82,"column":23},"end":{"line":82,"column":51}},"14":{"start":{"line":83,"column":20},"end":{"line":83,"column":26}},"15":{"start":{"line":84,"column":4},"end":{"line":90,"column":null}},"16":{"start":{"line":85,"column":6},"end":{"line":87,"column":null}},"17":{"start":{"line":86,"column":23},"end":{"line":86,"column":51}},"18":{"start":{"line":87,"column":20},"end":{"line":87,"column":26}},"19":{"start":{"line":89,"column":6},"end":{"line":89,"column":null}},"20":{"start":{"line":89,"column":32},"end":{"line":89,"column":38}},"21":{"start":{"line":93,"column":42},"end":{"line":93,"column":null}},"22":{"start":{"line":95,"column":2},"end":{"line":97,"column":null}},"23":{"start":{"line":96,"column":4},"end":{"line":96,"column":null}},"24":{"start":{"line":99,"column":22},"end":{"line":99,"column":null}},"25":{"start":{"line":100,"column":24},"end":{"line":100,"column":null}},"26":{"start":{"line":101,"column":28},"end":{"line":101,"column":null}},"27":{"start":{"line":102,"column":28},"end":{"line":102,"column":null}},"28":{"start":{"line":103,"column":24},"end":{"line":103,"column":null}},"29":{"start":{"line":105,"column":26},"end":{"line":105,"column":null}},"30":{"start":{"line":106,"column":40},"end":{"line":106,"column":null}},"31":{"start":{"line":107,"column":26},"end":{"line":107,"column":null}},"32":{"start":{"line":108,"column":32},"end":{"line":108,"column":null}},"33":{"start":{"line":109,"column":28},"end":{"line":109,"column":null}},"34":{"start":{"line":110,"column":38},"end":{"line":110,"column":null}},"35":{"start":{"line":111,"column":40},"end":{"line":114,"column":null}},"36":{"start":{"line":112,"column":26},"end":{"line":112,"column":null}},"37":{"start":{"line":112,"column":66},"end":{"line":112,"column":87}},"38":{"start":{"line":113,"column":4},"end":{"line":113,"column":null}},"39":{"start":{"line":116,"column":2},"end":{"line":123,"column":null}},"40":{"start":{"line":117,"column":22},"end":{"line":117,"column":null}},"41":{"start":{"line":118,"column":24},"end":{"line":118,"column":null}},"42":{"start":{"line":120,"column":4},"end":{"line":122,"column":null}},"43":{"start":{"line":121,"column":6},"end":{"line":121,"column":null}},"44":{"start":{"line":126,"column":2},"end":{"line":142,"column":null}},"45":{"start":{"line":127,"column":34},"end":{"line":127,"column":null}},"46":{"start":{"line":129,"column":4},"end":{"line":135,"column":null}},"47":{"start":{"line":130,"column":6},"end":{"line":130,"column":null}},"48":{"start":{"line":131,"column":4},"end":{"line":135,"column":null}},"49":{"start":{"line":132,"column":6},"end":{"line":132,"column":null}},"50":{"start":{"line":133,"column":4},"end":{"line":135,"column":null}},"51":{"start":{"line":134,"column":6},"end":{"line":134,"column":null}},"52":{"start":{"line":137,"column":4},"end":{"line":137,"column":null}},"53":{"start":{"line":140,"column":18},"end":{"line":140,"column":null}},"54":{"start":{"line":140,"column":42},"end":{"line":140,"column":63}},"55":{"start":{"line":141,"column":4},"end":{"line":141,"column":null}},"56":{"start":{"line":144,"column":25},"end":{"line":171,"column":null}},"57":{"start":{"line":145,"column":4},"end":{"line":148,"column":null}},"58":{"start":{"line":146,"column":6},"end":{"line":146,"column":null}},"59":{"start":{"line":147,"column":6},"end":{"line":147,"column":null}},"60":{"start":{"line":150,"column":4},"end":{"line":170,"column":null}},"61":{"start":{"line":151,"column":6},"end":{"line":151,"column":null}},"62":{"start":{"line":152,"column":6},"end":{"line":152,"column":null}},"63":{"start":{"line":154,"column":21},"end":{"line":160,"column":null}},"64":{"start":{"line":162,"column":6},"end":{"line":162,"column":null}},"65":{"start":{"line":163,"column":6},"end":{"line":163,"column":null}},"66":{"start":{"line":164,"column":6},"end":{"line":164,"column":null}},"67":{"start":{"line":166,"column":6},"end":{"line":166,"column":null}},"68":{"start":{"line":167,"column":6},"end":{"line":167,"column":null}},"69":{"start":{"line":168,"column":6},"end":{"line":168,"column":null}},"70":{"start":{"line":169,"column":6},"end":{"line":169,"column":null}},"71":{"start":{"line":173,"column":2},"end":{"line":175,"column":null}},"72":{"start":{"line":174,"column":4},"end":{"line":174,"column":null}},"73":{"start":{"line":177,"column":28},"end":{"line":184,"column":null}},"74":{"start":{"line":181,"column":18},"end":{"line":181,"column":null}},"75":{"start":{"line":182,"column":4},"end":{"line":182,"column":null}},"76":{"start":{"line":183,"column":4},"end":{"line":183,"column":null}},"77":{"start":{"line":186,"column":28},"end":{"line":191,"column":null}},"78":{"start":{"line":187,"column":4},"end":{"line":187,"column":null}},"79":{"start":{"line":188,"column":4},"end":{"line":190,"column":null}},"80":{"start":{"line":189,"column":6},"end":{"line":189,"column":null}},"81":{"start":{"line":193,"column":36},"end":{"line":195,"column":null}},"82":{"start":{"line":194,"column":4},"end":{"line":194,"column":null}},"83":{"start":{"line":197,"column":29},"end":{"line":199,"column":null}},"84":{"start":{"line":198,"column":4},"end":{"line":198,"column":null}},"85":{"start":{"line":201,"column":23},"end":{"line":204,"column":null}},"86":{"start":{"line":202,"column":4},"end":{"line":202,"column":null}},"87":{"start":{"line":203,"column":4},"end":{"line":203,"column":null}},"88":{"start":{"line":206,"column":22},"end":{"line":209,"column":null}},"89":{"start":{"line":207,"column":4},"end":{"line":207,"column":null}},"90":{"start":{"line":216,"column":7},"end":{"line":268,"column":null}},"91":{"start":{"line":217,"column":30},"end":{"line":219,"column":null}},"92":{"start":{"line":217,"column":54},"end":{"line":219,"column":null}},"93":{"start":{"line":218,"column":6},"end":{"line":218,"column":null}},"94":{"start":{"line":221,"column":4},"end":{"line":266,"column":null}},"95":{"start":{"line":225,"column":12},"end":{"line":262,"column":null}},"96":{"start":{"line":270,"column":2},"end":{"line":600,"column":null}},"97":{"start":{"line":281,"column":24},"end":{"line":281,"column":null}},"98":{"start":{"line":338,"column":48},"end":{"line":338,"column":null}},"99":{"start":{"line":341,"column":61},"end":{"line":341,"column":null}},"100":{"start":{"line":343,"column":41},"end":{"line":343,"column":null}},"101":{"start":{"line":344,"column":42},"end":{"line":344,"column":null}},"102":{"start":{"line":345,"column":51},"end":{"line":345,"column":null}},"103":{"start":{"line":346,"column":22},"end":{"line":352,"column":null}},"104":{"start":{"line":347,"column":24},"end":{"line":351,"column":null}},"105":{"start":{"line":349,"column":26},"end":{"line":349,"column":null}},"106":{"start":{"line":350,"column":26},"end":{"line":350,"column":null}},"107":{"start":{"line":350,"column":60},"end":{"line":350,"column":null}},"108":{"start":{"line":353,"column":22},"end":{"line":353,"column":null}},"109":{"start":{"line":356,"column":22},"end":{"line":372,"column":null}},"110":{"start":{"line":444,"column":24},"end":{"line":444,"column":null}},"111":{"start":{"line":466,"column":24},"end":{"line":466,"column":null}},"112":{"start":{"line":563,"column":18},"end":{"line":593,"column":null}},"113":{"start":{"line":569,"column":22},"end":{"line":590,"column":null}}},"fnMap":{"0":{"name":"(anonymous_0)","decl":{"start":{"line":66,"column":19},"end":{"line":66,"column":25}},"loc":{"start":{"line":66,"column":25},"end":{"line":602,"column":null}},"line":66},"1":{"name":"(anonymous_1)","decl":{"start":{"line":75,"column":40},"end":{"line":75,"column":46}},"loc":{"start":{"line":75,"column":46},"end":{"line":91,"column":5}},"line":75},"2":{"name":"(anonymous_2)","decl":{"start":{"line":78,"column":16},"end":{"line":78,"column":23}},"loc":{"start":{"line":78,"column":23},"end":{"line":78,"column":51}},"line":78},"3":{"name":"(anonymous_3)","decl":{"start":{"line":79,"column":13},"end":{"line":79,"column":20}},"loc":{"start":{"line":79,"column":20},"end":{"line":79,"column":26}},"line":79},"4":{"name":"(anonymous_4)","decl":{"start":{"line":82,"column":16},"end":{"line":82,"column":23}},"loc":{"start":{"line":82,"column":23},"end":{"line":82,"column":51}},"line":82},"5":{"name":"(anonymous_5)","decl":{"start":{"line":83,"column":13},"end":{"line":83,"column":20}},"loc":{"start":{"line":83,"column":20},"end":{"line":83,"column":26}},"line":83},"6":{"name":"(anonymous_6)","decl":{"start":{"line":86,"column":16},"end":{"line":86,"column":23}},"loc":{"start":{"line":86,"column":23},"end":{"line":86,"column":51}},"line":86},"7":{"name":"(anonymous_7)","decl":{"start":{"line":87,"column":13},"end":{"line":87,"column":20}},"loc":{"start":{"line":87,"column":20},"end":{"line":87,"column":26}},"line":87},"8":{"name":"(anonymous_8)","decl":{"start":{"line":89,"column":25},"end":{"line":89,"column":32}},"loc":{"start":{"line":89,"column":32},"end":{"line":89,"column":38}},"line":89},"9":{"name":"(anonymous_9)","decl":{"start":{"line":95,"column":12},"end":{"line":95,"column":18}},"loc":{"start":{"line":95,"column":18},"end":{"line":97,"column":5}},"line":95},"10":{"name":"(anonymous_10)","decl":{"start":{"line":111,"column":72},"end":{"line":111,"column":78}},"loc":{"start":{"line":111,"column":78},"end":{"line":114,"column":3}},"line":111},"11":{"name":"(anonymous_11)","decl":{"start":{"line":112,"column":57},"end":{"line":112,"column":66}},"loc":{"start":{"line":112,"column":66},"end":{"line":112,"column":87}},"line":112},"12":{"name":"(anonymous_12)","decl":{"start":{"line":116,"column":12},"end":{"line":116,"column":18}},"loc":{"start":{"line":116,"column":18},"end":{"line":123,"column":5}},"line":116},"13":{"name":"(anonymous_13)","decl":{"start":{"line":126,"column":12},"end":{"line":126,"column":18}},"loc":{"start":{"line":126,"column":18},"end":{"line":142,"column":5}},"line":126},"14":{"name":"(anonymous_14)","decl":{"start":{"line":140,"column":33},"end":{"line":140,"column":42}},"loc":{"start":{"line":140,"column":42},"end":{"line":140,"column":63}},"line":140},"15":{"name":"(anonymous_15)","decl":{"start":{"line":144,"column":25},"end":{"line":144,"column":37}},"loc":{"start":{"line":144,"column":37},"end":{"line":171,"column":null}},"line":144},"16":{"name":"(anonymous_16)","decl":{"start":{"line":173,"column":12},"end":{"line":173,"column":18}},"loc":{"start":{"line":173,"column":18},"end":{"line":175,"column":5}},"line":173},"17":{"name":"(anonymous_17)","decl":{"start":{"line":177,"column":28},"end":{"line":177,"column":null}},"loc":{"start":{"line":180,"column":7},"end":{"line":184,"column":null}},"line":180},"18":{"name":"(anonymous_18)","decl":{"start":{"line":186,"column":28},"end":{"line":186,"column":29}},"loc":{"start":{"line":186,"column":91},"end":{"line":191,"column":null}},"line":186},"19":{"name":"(anonymous_19)","decl":{"start":{"line":193,"column":36},"end":{"line":193,"column":37}},"loc":{"start":{"line":193,"column":66},"end":{"line":195,"column":null}},"line":193},"20":{"name":"(anonymous_20)","decl":{"start":{"line":197,"column":29},"end":{"line":197,"column":30}},"loc":{"start":{"line":197,"column":77},"end":{"line":199,"column":null}},"line":197},"21":{"name":"(anonymous_21)","decl":{"start":{"line":201,"column":23},"end":{"line":201,"column":24}},"loc":{"start":{"line":201,"column":68},"end":{"line":204,"column":null}},"line":201},"22":{"name":"(anonymous_22)","decl":{"start":{"line":207,"column":4},"end":{"line":207,"column":10}},"loc":{"start":{"line":207,"column":4},"end":{"line":207,"column":null}},"line":207},"23":{"name":"(anonymous_23)","decl":{"start":{"line":216,"column":7},"end":{"line":216,"column":8}},"loc":{"start":{"line":216,"column":62},"end":{"line":268,"column":null}},"line":216},"24":{"name":"(anonymous_24)","decl":{"start":{"line":217,"column":30},"end":{"line":217,"column":31}},"loc":{"start":{"line":217,"column":54},"end":{"line":219,"column":null}},"line":217},"25":{"name":"(anonymous_25)","decl":{"start":{"line":217,"column":54},"end":{"line":217,"column":55}},"loc":{"start":{"line":217,"column":92},"end":{"line":219,"column":null}},"line":217},"26":{"name":"(anonymous_26)","decl":{"start":{"line":224,"column":23},"end":{"line":224,"column":24}},"loc":{"start":{"line":225,"column":12},"end":{"line":262,"column":null}},"line":225},"27":{"name":"(anonymous_27)","decl":{"start":{"line":281,"column":18},"end":{"line":281,"column":24}},"loc":{"start":{"line":281,"column":24},"end":{"line":281,"column":null}},"line":281},"28":{"name":"(anonymous_28)","decl":{"start":{"line":338,"column":36},"end":{"line":338,"column":37}},"loc":{"start":{"line":338,"column":48},"end":{"line":338,"column":null}},"line":338},"29":{"name":"(anonymous_29)","decl":{"start":{"line":341,"column":42},"end":{"line":341,"column":43}},"loc":{"start":{"line":341,"column":61},"end":{"line":341,"column":null}},"line":341},"30":{"name":"(anonymous_30)","decl":{"start":{"line":342,"column":35},"end":{"line":342,"column":36}},"loc":{"start":{"line":342,"column":55},"end":{"line":354,"column":null}},"line":342},"31":{"name":"(anonymous_31)","decl":{"start":{"line":355,"column":33},"end":{"line":355,"column":34}},"loc":{"start":{"line":356,"column":22},"end":{"line":372,"column":null}},"line":356},"32":{"name":"(anonymous_32)","decl":{"start":{"line":443,"column":32},"end":{"line":443,"column":33}},"loc":{"start":{"line":443,"column":46},"end":{"line":445,"column":null}},"line":443},"33":{"name":"(anonymous_33)","decl":{"start":{"line":465,"column":32},"end":{"line":465,"column":33}},"loc":{"start":{"line":465,"column":46},"end":{"line":467,"column":null}},"line":465},"34":{"name":"(anonymous_34)","decl":{"start":{"line":562,"column":33},"end":{"line":562,"column":34}},"loc":{"start":{"line":563,"column":18},"end":{"line":593,"column":null}},"line":563},"35":{"name":"(anonymous_35)","decl":{"start":{"line":568,"column":33},"end":{"line":568,"column":34}},"loc":{"start":{"line":569,"column":22},"end":{"line":590,"column":null}},"line":569}},"branchMap":{"0":{"loc":{"start":{"line":76,"column":4},"end":{"line":90,"column":null}},"type":"if","locations":[{"start":{"line":76,"column":4},"end":{"line":90,"column":null}},{"start":{"line":80,"column":4},"end":{"line":90,"column":null}}],"line":76},"1":{"loc":{"start":{"line":80,"column":4},"end":{"line":90,"column":null}},"type":"if","locations":[{"start":{"line":80,"column":4},"end":{"line":90,"column":null}},{"start":{"line":84,"column":4},"end":{"line":90,"column":null}}],"line":80},"2":{"loc":{"start":{"line":84,"column":4},"end":{"line":90,"column":null}},"type":"if","locations":[{"start":{"line":84,"column":4},"end":{"line":90,"column":null}},{"start":{"line":88,"column":11},"end":{"line":90,"column":null}}],"line":84},"3":{"loc":{"start":{"line":113,"column":11},"end":{"line":113,"column":null}},"type":"binary-expr","locations":[{"start":{"line":113,"column":11},"end":{"line":113,"column":27}},{"start":{"line":113,"column":27},"end":{"line":113,"column":null}}],"line":113},"4":{"loc":{"start":{"line":120,"column":4},"end":{"line":122,"column":null}},"type":"if","locations":[{"start":{"line":120,"column":4},"end":{"line":122,"column":null}},{"start":{},"end":{}}],"line":120},"5":{"loc":{"start":{"line":129,"column":4},"end":{"line":135,"column":null}},"type":"if","locations":[{"start":{"line":129,"column":4},"end":{"line":135,"column":null}},{"start":{"line":131,"column":4},"end":{"line":135,"column":null}}],"line":129},"6":{"loc":{"start":{"line":131,"column":4},"end":{"line":135,"column":null}},"type":"if","locations":[{"start":{"line":131,"column":4},"end":{"line":135,"column":null}},{"start":{"line":133,"column":4},"end":{"line":135,"column":null}}],"line":131},"7":{"loc":{"start":{"line":133,"column":4},"end":{"line":135,"column":null}},"type":"if","locations":[{"start":{"line":133,"column":4},"end":{"line":135,"column":null}},{"start":{},"end":{}}],"line":133},"8":{"loc":{"start":{"line":141,"column":21},"end":{"line":141,"column":34}},"type":"binary-expr","locations":[{"start":{"line":141,"column":21},"end":{"line":141,"column":30}},{"start":{"line":141,"column":30},"end":{"line":141,"column":34}}],"line":141},"9":{"loc":{"start":{"line":145,"column":4},"end":{"line":148,"column":null}},"type":"if","locations":[{"start":{"line":145,"column":4},"end":{"line":148,"column":null}},{"start":{},"end":{}}],"line":145},"10":{"loc":{"start":{"line":145,"column":8},"end":{"line":145,"column":32}},"type":"binary-expr","locations":[{"start":{"line":145,"column":8},"end":{"line":145,"column":22}},{"start":{"line":145,"column":22},"end":{"line":145,"column":32}}],"line":145},"11":{"loc":{"start":{"line":181,"column":18},"end":{"line":181,"column":null}},"type":"binary-expr","locations":[{"start":{"line":181,"column":18},"end":{"line":181,"column":42}},{"start":{"line":181,"column":42},"end":{"line":181,"column":null}}],"line":181},"12":{"loc":{"start":{"line":182,"column":13},"end":{"line":182,"column":35}},"type":"cond-expr","locations":[{"start":{"line":182,"column":21},"end":{"line":182,"column":30}},{"start":{"line":182,"column":30},"end":{"line":182,"column":35}}],"line":182},"13":{"loc":{"start":{"line":188,"column":4},"end":{"line":190,"column":null}},"type":"if","locations":[{"start":{"line":188,"column":4},"end":{"line":190,"column":null}},{"start":{},"end":{}}],"line":188},"14":{"loc":{"start":{"line":225,"column":12},"end":{"line":262,"column":null}},"type":"binary-expr","locations":[{"start":{"line":225,"column":12},"end":{"line":225,"column":null}},{"start":{"line":226,"column":14},"end":{"line":262,"column":null}}],"line":225},"15":{"loc":{"start":{"line":229,"column":31},"end":{"line":229,"column":null}},"type":"cond-expr","locations":[{"start":{"line":229,"column":55},"end":{"line":229,"column":63}},{"start":{"line":229,"column":63},"end":{"line":229,"column":null}}],"line":229},"16":{"loc":{"start":{"line":236,"column":24},"end":{"line":240,"column":null}},"type":"cond-expr","locations":[{"start":{"line":236,"column":47},"end":{"line":236,"column":null}},{"start":{"line":237,"column":22},"end":{"line":240,"column":null}}],"line":236},"17":{"loc":{"start":{"line":237,"column":22},"end":{"line":240,"column":null}},"type":"cond-expr","locations":[{"start":{"line":237,"column":45},"end":{"line":237,"column":null}},{"start":{"line":238,"column":24},"end":{"line":240,"column":null}}],"line":237},"18":{"loc":{"start":{"line":238,"column":24},"end":{"line":240,"column":null}},"type":"cond-expr","locations":[{"start":{"line":238,"column":48},"end":{"line":238,"column":null}},{"start":{"line":239,"column":26},"end":{"line":240,"column":null}}],"line":238},"19":{"loc":{"start":{"line":239,"column":26},"end":{"line":240,"column":null}},"type":"cond-expr","locations":[{"start":{"line":239,"column":58},"end":{"line":239,"column":null}},{"start":{"line":240,"column":28},"end":{"line":240,"column":null}}],"line":239},"20":{"loc":{"start":{"line":240,"column":28},"end":{"line":240,"column":null}},"type":"cond-expr","locations":[{"start":{"line":240,"column":67},"end":{"line":240,"column":75}},{"start":{"line":240,"column":75},"end":{"line":240,"column":null}}],"line":240},"21":{"loc":{"start":{"line":247,"column":29},"end":{"line":247,"column":null}},"type":"cond-expr","locations":[{"start":{"line":247,"column":53},"end":{"line":247,"column":61}},{"start":{"line":247,"column":61},"end":{"line":247,"column":null}}],"line":247},"22":{"loc":{"start":{"line":256,"column":19},"end":{"line":260,"column":null}},"type":"cond-expr","locations":[{"start":{"line":257,"column":20},"end":{"line":259,"column":null}},{"start":{"line":260,"column":22},"end":{"line":260,"column":null}}],"line":256},"23":{"loc":{"start":{"line":258,"column":23},"end":{"line":258,"column":null}},"type":"cond-expr","locations":[{"start":{"line":258,"column":42},"end":{"line":258,"column":64}},{"start":{"line":258,"column":64},"end":{"line":258,"column":null}}],"line":258},"24":{"loc":{"start":{"line":283,"column":20},"end":{"line":283,"column":44}},"type":"cond-expr","locations":[{"start":{"line":283,"column":35},"end":{"line":283,"column":39}},{"start":{"line":283,"column":39},"end":{"line":283,"column":44}}],"line":283},"25":{"loc":{"start":{"line":283,"column":48},"end":{"line":283,"column":69}},"type":"cond-expr","locations":[{"start":{"line":283,"column":63},"end":{"line":283,"column":67}},{"start":{"line":283,"column":67},"end":{"line":283,"column":69}}],"line":283},"26":{"loc":{"start":{"line":303,"column":34},"end":{"line":303,"column":66}},"type":"cond-expr","locations":[{"start":{"line":303,"column":47},"end":{"line":303,"column":57}},{"start":{"line":303,"column":57},"end":{"line":303,"column":66}}],"line":303},"27":{"loc":{"start":{"line":305,"column":23},"end":{"line":305,"column":null}},"type":"cond-expr","locations":[{"start":{"line":305,"column":36},"end":{"line":305,"column":46}},{"start":{"line":305,"column":46},"end":{"line":305,"column":null}}],"line":305},"28":{"loc":{"start":{"line":310,"column":15},"end":{"line":310,"column":62}},"type":"cond-expr","locations":[{"start":{"line":310,"column":28},"end":{"line":310,"column":39}},{"start":{"line":310,"column":39},"end":{"line":310,"column":62}}],"line":310},"29":{"loc":{"start":{"line":310,"column":64},"end":{"line":310,"column":null}},"type":"binary-expr","locations":[{"start":{"line":310,"column":64},"end":{"line":310,"column":74}},{"start":{"line":310,"column":74},"end":{"line":310,"column":null}}],"line":310},"30":{"loc":{"start":{"line":347,"column":24},"end":{"line":351,"column":null}},"type":"if","locations":[{"start":{"line":347,"column":24},"end":{"line":351,"column":null}},{"start":{},"end":{}}],"line":347},"31":{"loc":{"start":{"line":347,"column":28},"end":{"line":348,"column":74}},"type":"binary-expr","locations":[{"start":{"line":347,"column":28},"end":{"line":347,"column":null}},{"start":{"line":348,"column":26},"end":{"line":348,"column":74}}],"line":347},"32":{"loc":{"start":{"line":350,"column":26},"end":{"line":350,"column":null}},"type":"if","locations":[{"start":{"line":350,"column":26},"end":{"line":350,"column":null}},{"start":{},"end":{}}],"line":350},"33":{"loc":{"start":{"line":517,"column":18},"end":{"line":517,"column":null}},"type":"cond-expr","locations":[{"start":{"line":517,"column":33},"end":{"line":517,"column":42}},{"start":{"line":517,"column":42},"end":{"line":517,"column":null}}],"line":517},"34":{"loc":{"start":{"line":520,"column":9},"end":{"line":597,"column":null}},"type":"cond-expr","locations":[{"start":{"line":521,"column":10},"end":{"line":523,"column":null}},{"start":{"line":524,"column":12},"end":{"line":597,"column":null}}],"line":520},"35":{"loc":{"start":{"line":524,"column":12},"end":{"line":597,"column":null}},"type":"cond-expr","locations":[{"start":{"line":525,"column":10},"end":{"line":527,"column":null}},{"start":{"line":528,"column":12},"end":{"line":597,"column":null}}],"line":524},"36":{"loc":{"start":{"line":528,"column":12},"end":{"line":597,"column":null}},"type":"cond-expr","locations":[{"start":{"line":529,"column":10},"end":{"line":531,"column":null}},{"start":{"line":533,"column":10},"end":{"line":597,"column":null}}],"line":528},"37":{"loc":{"start":{"line":534,"column":23},"end":{"line":534,"column":null}},"type":"cond-expr","locations":[{"start":{"line":534,"column":38},"end":{"line":534,"column":44}},{"start":{"line":534,"column":44},"end":{"line":534,"column":null}}],"line":534},"38":{"loc":{"start":{"line":569,"column":22},"end":{"line":590,"column":null}},"type":"binary-expr","locations":[{"start":{"line":569,"column":22},"end":{"line":569,"column":null}},{"start":{"line":570,"column":24},"end":{"line":590,"column":null}}],"line":569},"39":{"loc":{"start":{"line":580,"column":34},"end":{"line":584,"column":null}},"type":"cond-expr","locations":[{"start":{"line":580,"column":57},"end":{"line":580,"column":null}},{"start":{"line":581,"column":32},"end":{"line":584,"column":null}}],"line":580},"40":{"loc":{"start":{"line":581,"column":32},"end":{"line":584,"column":null}},"type":"cond-expr","locations":[{"start":{"line":581,"column":55},"end":{"line":581,"column":null}},{"start":{"line":582,"column":34},"end":{"line":584,"column":null}}],"line":581},"41":{"loc":{"start":{"line":582,"column":34},"end":{"line":584,"column":null}},"type":"cond-expr","locations":[{"start":{"line":582,"column":58},"end":{"line":582,"column":null}},{"start":{"line":583,"column":36},"end":{"line":584,"column":null}}],"line":582},"42":{"loc":{"start":{"line":583,"column":36},"end":{"line":584,"column":null}},"type":"cond-expr","locations":[{"start":{"line":583,"column":68},"end":{"line":583,"column":null}},{"start":{"line":584,"column":38},"end":{"line":584,"column":null}}],"line":583},"43":{"loc":{"start":{"line":584,"column":38},"end":{"line":584,"column":null}},"type":"cond-expr","locations":[{"start":{"line":584,"column":77},"end":{"line":584,"column":85}},{"start":{"line":584,"column":85},"end":{"line":584,"column":null}}],"line":584}},"s":{"0":2,"1":120,"2":120,"3":120,"4":120,"5":120,"6":120,"7":158,"8":0,"9":0,"10":0,"11":158,"12":0,"13":0,"14":0,"15":158,"16":0,"17":0,"18":0,"19":158,"20":1264,"21":120,"22":120,"23":38,"24":120,"25":120,"26":120,"27":120,"28":120,"29":120,"30":120,"31":120,"32":120,"33":120,"34":120,"35":120,"36":38,"37":8664,"38":38,"39":120,"40":38,"41":38,"42":38,"43":0,"44":120,"45":41,"46":41,"47":38,"48":3,"49":2,"50":1,"51":1,"52":41,"53":41,"54":15291,"55":41,"56":120,"57":39,"58":0,"59":0,"60":39,"61":39,"62":39,"63":39,"64":39,"65":39,"66":39,"67":0,"68":0,"69":0,"70":0,"71":120,"72":38,"73":120,"74":1,"75":1,"76":1,"77":120,"78":0,"79":0,"80":0,"81":120,"82":3,"83":120,"84":12,"85":120,"86":1,"87":1,"88":120,"89":62,"90":120,"91":41,"92":328,"93":1,"94":41,"95":328,"96":120,"97":0,"98":2006,"99":1754,"100":14,"101":14,"102":14,"103":14,"104":408728,"105":877,"106":877,"107":8,"108":14,"109":141,"110":0,"111":0,"112":205,"113":1640},"f":{"0":120,"1":158,"2":0,"3":0,"4":0,"5":0,"6":0,"7":0,"8":1264,"9":38,"10":38,"11":8664,"12":38,"13":41,"14":15291,"15":39,"16":38,"17":1,"18":0,"19":3,"20":12,"21":1,"22":62,"23":41,"24":328,"25":1,"26":328,"27":0,"28":2006,"29":1754,"30":14,"31":141,"32":0,"33":0,"34":205,"35":1640},"b":{"0":[0,158],"1":[0,158],"2":[0,158],"3":[38,0],"4":[0,38],"5":[38,3],"6":[2,1],"7":[1,0],"8":[41,3],"9":[0,39],"10":[39,39],"11":[1,1],"12":[0,1],"13":[0,0],"14":[328,328],"15":[41,287],"16":[41,287],"17":[41,246],"18":[41,205],"19":[41,164],"20":[41,123],"21":[41,287],"22":[41,287],"23":[40,1],"24":[120,0],"25":[120,0],"26":[0,120],"27":[0,120],"28":[0,120],"29":[120,120],"30":[877,407851],"31":[408728,407928],"32":[8,869],"33":[120,0],"34":[39,81],"35":[2,79],"36":[38,41],"37":[41,0],"38":[1640,1640],"39":[205,1435],"40":[205,1230],"41":[205,1025],"42":[205,820],"43":[205,615]},"meta":{"lastBranch":44,"lastFunction":36,"lastStatement":114,"seen":{"s:66:19:602:Infinity":0,"f:66:19:66:25":0,"s:67:8:67:Infinity":1,"s:68:8:68:Infinity":2,"s:69:8:69:Infinity":3,"s:70:8:70:Infinity":4,"s:73:38:73:Infinity":5,"s:75:8:91:Infinity":6,"f:75:40:75:46":1,"b:76:4:90:Infinity:80:4:90:Infinity":0,"s:76:4:90:Infinity":7,"s:77:6:79:Infinity":8,"f:78:16:78:23":2,"s:78:23:78:51":9,"f:79:13:79:20":3,"s:79:20:79:26":10,"b:80:4:90:Infinity:84:4:90:Infinity":1,"s:80:4:90:Infinity":11,"s:81:6:83:Infinity":12,"f:82:16:82:23":4,"s:82:23:82:51":13,"f:83:13:83:20":5,"s:83:20:83:26":14,"b:84:4:90:Infinity:88:11:90:Infinity":2,"s:84:4:90:Infinity":15,"s:85:6:87:Infinity":16,"f:86:16:86:23":6,"s:86:23:86:51":17,"f:87:13:87:20":7,"s:87:20:87:26":18,"s:89:6:89:Infinity":19,"f:89:25:89:32":8,"s:89:32:89:38":20,"s:93:42:93:Infinity":21,"s:95:2:97:Infinity":22,"f:95:12:95:18":9,"s:96:4:96:Infinity":23,"s:99:22:99:Infinity":24,"s:100:24:100:Infinity":25,"s:101:28:101:Infinity":26,"s:102:28:102:Infinity":27,"s:103:24:103:Infinity":28,"s:105:26:105:Infinity":29,"s:106:40:106:Infinity":30,"s:107:26:107:Infinity":31,"s:108:32:108:Infinity":32,"s:109:28:109:Infinity":33,"s:110:38:110:Infinity":34,"s:111:40:114:Infinity":35,"f:111:72:111:78":10,"s:112:26:112:Infinity":36,"f:112:57:112:66":11,"s:112:66:112:87":37,"s:113:4:113:Infinity":38,"b:113:11:113:27:113:27:113:Infinity":3,"s:116:2:123:Infinity":39,"f:116:12:116:18":12,"s:117:22:117:Infinity":40,"s:118:24:118:Infinity":41,"b:120:4:122:Infinity:undefined:undefined:undefined:undefined":4,"s:120:4:122:Infinity":42,"s:121:6:121:Infinity":43,"s:126:2:142:Infinity":44,"f:126:12:126:18":13,"s:127:34:127:Infinity":45,"b:129:4:135:Infinity:131:4:135:Infinity":5,"s:129:4:135:Infinity":46,"s:130:6:130:Infinity":47,"b:131:4:135:Infinity:133:4:135:Infinity":6,"s:131:4:135:Infinity":48,"s:132:6:132:Infinity":49,"b:133:4:135:Infinity:undefined:undefined:undefined:undefined":7,"s:133:4:135:Infinity":50,"s:134:6:134:Infinity":51,"s:137:4:137:Infinity":52,"s:140:18:140:Infinity":53,"f:140:33:140:42":14,"s:140:42:140:63":54,"s:141:4:141:Infinity":55,"b:141:21:141:30:141:30:141:34":8,"s:144:25:171:Infinity":56,"f:144:25:144:37":15,"b:145:4:148:Infinity:undefined:undefined:undefined:undefined":9,"s:145:4:148:Infinity":57,"b:145:8:145:22:145:22:145:32":10,"s:146:6:146:Infinity":58,"s:147:6:147:Infinity":59,"s:150:4:170:Infinity":60,"s:151:6:151:Infinity":61,"s:152:6:152:Infinity":62,"s:154:21:160:Infinity":63,"s:162:6:162:Infinity":64,"s:163:6:163:Infinity":65,"s:164:6:164:Infinity":66,"s:166:6:166:Infinity":67,"s:167:6:167:Infinity":68,"s:168:6:168:Infinity":69,"s:169:6:169:Infinity":70,"s:173:2:175:Infinity":71,"f:173:12:173:18":16,"s:174:4:174:Infinity":72,"s:177:28:184:Infinity":73,"f:177:28:177:Infinity":17,"s:181:18:181:Infinity":74,"b:181:18:181:42:181:42:181:Infinity":11,"s:182:4:182:Infinity":75,"b:182:21:182:30:182:30:182:35":12,"s:183:4:183:Infinity":76,"s:186:28:191:Infinity":77,"f:186:28:186:29":18,"s:187:4:187:Infinity":78,"b:188:4:190:Infinity:undefined:undefined:undefined:undefined":13,"s:188:4:190:Infinity":79,"s:189:6:189:Infinity":80,"s:193:36:195:Infinity":81,"f:193:36:193:37":19,"s:194:4:194:Infinity":82,"s:197:29:199:Infinity":83,"f:197:29:197:30":20,"s:198:4:198:Infinity":84,"s:201:23:204:Infinity":85,"f:201:23:201:24":21,"s:202:4:202:Infinity":86,"s:203:4:203:Infinity":87,"s:206:22:209:Infinity":88,"f:207:4:207:10":22,"s:207:4:207:Infinity":89,"s:216:7:268:Infinity":90,"f:216:7:216:8":23,"s:217:30:219:Infinity":91,"f:217:30:217:31":24,"s:217:54:219:Infinity":92,"f:217:54:217:55":25,"s:218:6:218:Infinity":93,"s:221:4:266:Infinity":94,"f:224:23:224:24":26,"s:225:12:262:Infinity":95,"b:225:12:225:Infinity:226:14:262:Infinity":14,"b:229:55:229:63:229:63:229:Infinity":15,"b:236:47:236:Infinity:237:22:240:Infinity":16,"b:237:45:237:Infinity:238:24:240:Infinity":17,"b:238:48:238:Infinity:239:26:240:Infinity":18,"b:239:58:239:Infinity:240:28:240:Infinity":19,"b:240:67:240:75:240:75:240:Infinity":20,"b:247:53:247:61:247:61:247:Infinity":21,"b:257:20:259:Infinity:260:22:260:Infinity":22,"b:258:42:258:64:258:64:258:Infinity":23,"s:270:2:600:Infinity":96,"f:281:18:281:24":27,"s:281:24:281:Infinity":97,"b:283:35:283:39:283:39:283:44":24,"b:283:63:283:67:283:67:283:69":25,"b:303:47:303:57:303:57:303:66":26,"b:305:36:305:46:305:46:305:Infinity":27,"b:310:28:310:39:310:39:310:62":28,"b:310:64:310:74:310:74:310:Infinity":29,"f:338:36:338:37":28,"s:338:48:338:Infinity":98,"f:341:42:341:43":29,"s:341:61:341:Infinity":99,"f:342:35:342:36":30,"s:343:41:343:Infinity":100,"s:344:42:344:Infinity":101,"s:345:51:345:Infinity":102,"s:346:22:352:Infinity":103,"b:347:24:351:Infinity:undefined:undefined:undefined:undefined":30,"s:347:24:351:Infinity":104,"b:347:28:347:Infinity:348:26:348:74":31,"s:349:26:349:Infinity":105,"b:350:26:350:Infinity:undefined:undefined:undefined:undefined":32,"s:350:26:350:Infinity":106,"s:350:60:350:Infinity":107,"s:353:22:353:Infinity":108,"f:355:33:355:34":31,"s:356:22:372:Infinity":109,"f:443:32:443:33":32,"s:444:24:444:Infinity":110,"f:465:32:465:33":33,"s:466:24:466:Infinity":111,"b:517:33:517:42:517:42:517:Infinity":33,"b:521:10:523:Infinity:524:12:597:Infinity":34,"b:525:10:527:Infinity:528:12:597:Infinity":35,"b:529:10:531:Infinity:533:10:597:Infinity":36,"b:534:38:534:44:534:44:534:Infinity":37,"f:562:33:562:34":34,"s:563:18:593:Infinity":112,"f:568:33:568:34":35,"s:569:22:590:Infinity":113,"b:569:22:569:Infinity:570:24:590:Infinity":38,"b:580:57:580:Infinity:581:32:584:Infinity":39,"b:581:55:581:Infinity:582:34:584:Infinity":40,"b:582:58:582:Infinity:583:36:584:Infinity":41,"b:583:68:583:Infinity:584:38:584:Infinity":42,"b:584:77:584:85:584:85:584:Infinity":43}}}
,"/home/ansku/sorsat/omat/stonkstable/src/components/Table/index.ts": {"path":"/home/ansku/sorsat/omat/stonkstable/src/components/Table/index.ts","statementMap":{},"fnMap":{},"branchMap":{},"s":{},"f":{},"b":{},"meta":{"lastBranch":0,"lastFunction":0,"lastStatement":0,"seen":{}}}
,"/home/ansku/sorsat/omat/stonkstable/src/utils/stockTable.tsx": {"path":"/home/ansku/sorsat/omat/stonkstable/src/utils/stockTable.tsx","statementMap":{"0":{"start":{"line":31,"column":2},"end":{"line":31,"column":null}},"1":{"start":{"line":35,"column":2},"end":{"line":35,"column":null}},"2":{"start":{"line":35,"column":13},"end":{"line":35,"column":null}},"3":{"start":{"line":36,"column":23},"end":{"line":36,"column":null}},"4":{"start":{"line":36,"column":46},"end":{"line":36,"column":68}},"5":{"start":{"line":37,"column":2},"end":{"line":40,"column":null}},"6":{"start":{"line":38,"column":25},"end":{"line":38,"column":null}},"7":{"start":{"line":39,"column":4},"end":{"line":39,"column":null}},"8":{"start":{"line":41,"column":2},"end":{"line":41,"column":null}},"9":{"start":{"line":45,"column":2},"end":{"line":47,"column":null}},"10":{"start":{"line":46,"column":4},"end":{"line":46,"column":null}},"11":{"start":{"line":49,"column":2},"end":{"line":55,"column":null}},"12":{"start":{"line":50,"column":19},"end":{"line":50,"column":null}},"13":{"start":{"line":51,"column":19},"end":{"line":51,"column":null}},"14":{"start":{"line":52,"column":4},"end":{"line":52,"column":null}},"15":{"start":{"line":52,"column":25},"end":{"line":52,"column":null}},"16":{"start":{"line":53,"column":4},"end":{"line":53,"column":null}},"17":{"start":{"line":53,"column":25},"end":{"line":53,"column":null}},"18":{"start":{"line":54,"column":4},"end":{"line":54,"column":null}},"19":{"start":{"line":57,"column":2},"end":{"line":63,"column":null}},"20":{"start":{"line":58,"column":19},"end":{"line":58,"column":null}},"21":{"start":{"line":59,"column":19},"end":{"line":59,"column":null}},"22":{"start":{"line":60,"column":4},"end":{"line":60,"column":null}},"23":{"start":{"line":60,"column":25},"end":{"line":60,"column":null}},"24":{"start":{"line":61,"column":4},"end":{"line":61,"column":null}},"25":{"start":{"line":61,"column":25},"end":{"line":61,"column":null}},"26":{"start":{"line":62,"column":4},"end":{"line":62,"column":null}},"27":{"start":{"line":65,"column":2},"end":{"line":67,"column":null}},"28":{"start":{"line":66,"column":4},"end":{"line":66,"column":null}},"29":{"start":{"line":68,"column":2},"end":{"line":70,"column":null}},"30":{"start":{"line":69,"column":4},"end":{"line":69,"column":null}},"31":{"start":{"line":71,"column":2},"end":{"line":71,"column":null}},"32":{"start":{"line":82,"column":2},"end":{"line":84,"column":null}},"33":{"start":{"line":83,"column":16},"end":{"line":83,"column":null}},"34":{"start":{"line":84,"column":16},"end":{"line":84,"column":null}},"35":{"start":{"line":88,"column":25},"end":{"line":88,"column":null}},"36":{"start":{"line":88,"column":50},"end":{"line":88,"column":76}},"37":{"start":{"line":89,"column":2},"end":{"line":95,"column":null}},"38":{"start":{"line":90,"column":18},"end":{"line":90,"column":null}},"39":{"start":{"line":91,"column":4},"end":{"line":93,"column":null}},"40":{"start":{"line":92,"column":6},"end":{"line":92,"column":null}},"41":{"start":{"line":94,"column":4},"end":{"line":94,"column":null}},"42":{"start":{"line":96,"column":2},"end":{"line":96,"column":null}},"43":{"start":{"line":96,"column":36},"end":{"line":96,"column":41}},"44":{"start":{"line":99,"column":33},"end":{"line":150,"column":null}},"45":{"start":{"line":152,"column":37},"end":{"line":190,"column":null}},"46":{"start":{"line":159,"column":2},"end":{"line":161,"column":null}},"47":{"start":{"line":160,"column":4},"end":{"line":160,"column":null}},"48":{"start":{"line":163,"column":2},"end":{"line":189,"column":null}},"49":{"start":{"line":164,"column":30},"end":{"line":164,"column":null}},"50":{"start":{"line":165,"column":28},"end":{"line":165,"column":null}},"51":{"start":{"line":167,"column":23},"end":{"line":167,"column":null}},"52":{"start":{"line":169,"column":23},"end":{"line":169,"column":null}},"53":{"start":{"line":171,"column":19},"end":{"line":171,"column":null}},"54":{"start":{"line":173,"column":21},"end":{"line":173,"column":null}},"55":{"start":{"line":175,"column":4},"end":{"line":177,"column":null}},"56":{"start":{"line":176,"column":6},"end":{"line":176,"column":null}},"57":{"start":{"line":179,"column":20},"end":{"line":179,"column":null}},"58":{"start":{"line":181,"column":4},"end":{"line":185,"column":null}},"59":{"start":{"line":182,"column":6},"end":{"line":182,"column":null}},"60":{"start":{"line":184,"column":6},"end":{"line":184,"column":null}},"61":{"start":{"line":187,"column":4},"end":{"line":187,"column":null}},"62":{"start":{"line":188,"column":4},"end":{"line":188,"column":null}},"63":{"start":{"line":192,"column":33},"end":{"line":226,"column":null}},"64":{"start":{"line":193,"column":2},"end":{"line":203,"column":null}},"65":{"start":{"line":194,"column":18},"end":{"line":194,"column":null}},"66":{"start":{"line":195,"column":23},"end":{"line":195,"column":null}},"67":{"start":{"line":196,"column":19},"end":{"line":196,"column":null}},"68":{"start":{"line":198,"column":4},"end":{"line":201,"column":null}},"69":{"start":{"line":205,"column":2},"end":{"line":215,"column":null}},"70":{"start":{"line":206,"column":18},"end":{"line":206,"column":null}},"71":{"start":{"line":207,"column":23},"end":{"line":207,"column":null}},"72":{"start":{"line":208,"column":19},"end":{"line":208,"column":null}},"73":{"start":{"line":210,"column":4},"end":{"line":213,"column":null}},"74":{"start":{"line":217,"column":2},"end":{"line":219,"column":null}},"75":{"start":{"line":218,"column":4},"end":{"line":218,"column":null}},"76":{"start":{"line":221,"column":2},"end":{"line":223,"column":null}},"77":{"start":{"line":222,"column":4},"end":{"line":222,"column":null}},"78":{"start":{"line":225,"column":2},"end":{"line":225,"column":null}}},"fnMap":{"0":{"name":"calculatePercentChange","decl":{"start":{"line":30,"column":16},"end":{"line":30,"column":39}},"loc":{"start":{"line":30,"column":63},"end":{"line":32,"column":null}},"line":30},"1":{"name":"calculatePrevDayChangePercent","decl":{"start":{"line":34,"column":16},"end":{"line":34,"column":46}},"loc":{"start":{"line":34,"column":90},"end":{"line":42,"column":null}},"line":34},"2":{"name":"(anonymous_2)","decl":{"start":{"line":36,"column":38},"end":{"line":36,"column":46}},"loc":{"start":{"line":36,"column":46},"end":{"line":36,"column":68}},"line":36},"3":{"name":"descendingComparator","decl":{"start":{"line":44,"column":16},"end":{"line":44,"column":40}},"loc":{"start":{"line":44,"column":90},"end":{"line":72,"column":null}},"line":44},"4":{"name":"getComparator","decl":{"start":{"line":74,"column":16},"end":{"line":74,"column":null}},"loc":{"start":{"line":81,"column":12},"end":{"line":85,"column":null}},"line":81},"5":{"name":"(anonymous_5)","decl":{"start":{"line":83,"column":6},"end":{"line":83,"column":7}},"loc":{"start":{"line":83,"column":16},"end":{"line":83,"column":null}},"line":83},"6":{"name":"(anonymous_6)","decl":{"start":{"line":84,"column":6},"end":{"line":84,"column":7}},"loc":{"start":{"line":84,"column":16},"end":{"line":84,"column":null}},"line":84},"7":{"name":"stableSort","decl":{"start":{"line":87,"column":16},"end":{"line":87,"column":30}},"loc":{"start":{"line":87,"column":87},"end":{"line":97,"column":null}},"line":87},"8":{"name":"(anonymous_8)","decl":{"start":{"line":88,"column":35},"end":{"line":88,"column":36}},"loc":{"start":{"line":88,"column":50},"end":{"line":88,"column":76}},"line":88},"9":{"name":"(anonymous_9)","decl":{"start":{"line":89,"column":22},"end":{"line":89,"column":23}},"loc":{"start":{"line":89,"column":32},"end":{"line":95,"column":3}},"line":89},"10":{"name":"(anonymous_10)","decl":{"start":{"line":96,"column":28},"end":{"line":96,"column":29}},"loc":{"start":{"line":96,"column":36},"end":{"line":96,"column":41}},"line":96},"11":{"name":"(anonymous_11)","decl":{"start":{"line":152,"column":37},"end":{"line":152,"column":null}},"loc":{"start":{"line":158,"column":59},"end":{"line":190,"column":null}},"line":158},"12":{"name":"(anonymous_12)","decl":{"start":{"line":192,"column":33},"end":{"line":192,"column":34}},"loc":{"start":{"line":192,"column":106},"end":{"line":226,"column":null}},"line":192}},"branchMap":{"0":{"loc":{"start":{"line":35,"column":2},"end":{"line":35,"column":null}},"type":"if","locations":[{"start":{"line":35,"column":2},"end":{"line":35,"column":null}},{"start":{},"end":{}}],"line":35},"1":{"loc":{"start":{"line":37,"column":2},"end":{"line":40,"column":null}},"type":"if","locations":[{"start":{"line":37,"column":2},"end":{"line":40,"column":null}},{"start":{},"end":{}}],"line":37},"2":{"loc":{"start":{"line":37,"column":6},"end":{"line":37,"column":45}},"type":"binary-expr","locations":[{"start":{"line":37,"column":6},"end":{"line":37,"column":27}},{"start":{"line":37,"column":27},"end":{"line":37,"column":45}}],"line":37},"3":{"loc":{"start":{"line":45,"column":2},"end":{"line":47,"column":null}},"type":"if","locations":[{"start":{"line":45,"column":2},"end":{"line":47,"column":null}},{"start":{},"end":{}}],"line":45},"4":{"loc":{"start":{"line":49,"column":2},"end":{"line":55,"column":null}},"type":"if","locations":[{"start":{"line":49,"column":2},"end":{"line":55,"column":null}},{"start":{},"end":{}}],"line":49},"5":{"loc":{"start":{"line":52,"column":4},"end":{"line":52,"column":null}},"type":"if","locations":[{"start":{"line":52,"column":4},"end":{"line":52,"column":null}},{"start":{},"end":{}}],"line":52},"6":{"loc":{"start":{"line":53,"column":4},"end":{"line":53,"column":null}},"type":"if","locations":[{"start":{"line":53,"column":4},"end":{"line":53,"column":null}},{"start":{},"end":{}}],"line":53},"7":{"loc":{"start":{"line":57,"column":2},"end":{"line":63,"column":null}},"type":"if","locations":[{"start":{"line":57,"column":2},"end":{"line":63,"column":null}},{"start":{},"end":{}}],"line":57},"8":{"loc":{"start":{"line":60,"column":4},"end":{"line":60,"column":null}},"type":"if","locations":[{"start":{"line":60,"column":4},"end":{"line":60,"column":null}},{"start":{},"end":{}}],"line":60},"9":{"loc":{"start":{"line":61,"column":4},"end":{"line":61,"column":null}},"type":"if","locations":[{"start":{"line":61,"column":4},"end":{"line":61,"column":null}},{"start":{},"end":{}}],"line":61},"10":{"loc":{"start":{"line":65,"column":2},"end":{"line":67,"column":null}},"type":"if","locations":[{"start":{"line":65,"column":2},"end":{"line":67,"column":null}},{"start":{},"end":{}}],"line":65},"11":{"loc":{"start":{"line":68,"column":2},"end":{"line":70,"column":null}},"type":"if","locations":[{"start":{"line":68,"column":2},"end":{"line":70,"column":null}},{"start":{},"end":{}}],"line":68},"12":{"loc":{"start":{"line":82,"column":9},"end":{"line":84,"column":null}},"type":"cond-expr","locations":[{"start":{"line":83,"column":6},"end":{"line":83,"column":null}},{"start":{"line":84,"column":6},"end":{"line":84,"column":null}}],"line":82},"13":{"loc":{"start":{"line":91,"column":4},"end":{"line":93,"column":null}},"type":"if","locations":[{"start":{"line":91,"column":4},"end":{"line":93,"column":null}},{"start":{},"end":{}}],"line":91},"14":{"loc":{"start":{"line":159,"column":2},"end":{"line":161,"column":null}},"type":"if","locations":[{"start":{"line":159,"column":2},"end":{"line":161,"column":null}},{"start":{},"end":{}}],"line":159},"15":{"loc":{"start":{"line":159,"column":6},"end":{"line":159,"column":30}},"type":"binary-expr","locations":[{"start":{"line":159,"column":6},"end":{"line":159,"column":20}},{"start":{"line":159,"column":20},"end":{"line":159,"column":30}}],"line":159},"16":{"loc":{"start":{"line":167,"column":23},"end":{"line":167,"column":null}},"type":"binary-expr","locations":[{"start":{"line":167,"column":23},"end":{"line":167,"column":40}},{"start":{"line":167,"column":40},"end":{"line":167,"column":null}}],"line":167},"17":{"loc":{"start":{"line":175,"column":4},"end":{"line":177,"column":null}},"type":"if","locations":[{"start":{"line":175,"column":4},"end":{"line":177,"column":null}},{"start":{},"end":{}}],"line":175},"18":{"loc":{"start":{"line":181,"column":4},"end":{"line":185,"column":null}},"type":"if","locations":[{"start":{"line":181,"column":4},"end":{"line":185,"column":null}},{"start":{"line":183,"column":11},"end":{"line":185,"column":null}}],"line":181},"19":{"loc":{"start":{"line":181,"column":8},"end":{"line":181,"column":56}},"type":"binary-expr","locations":[{"start":{"line":181,"column":8},"end":{"line":181,"column":34}},{"start":{"line":181,"column":34},"end":{"line":181,"column":56}}],"line":181},"20":{"loc":{"start":{"line":193,"column":2},"end":{"line":203,"column":null}},"type":"if","locations":[{"start":{"line":193,"column":2},"end":{"line":203,"column":null}},{"start":{},"end":{}}],"line":193},"21":{"loc":{"start":{"line":193,"column":6},"end":{"line":193,"column":57}},"type":"binary-expr","locations":[{"start":{"line":193,"column":6},"end":{"line":193,"column":39}},{"start":{"line":193,"column":39},"end":{"line":193,"column":57}}],"line":193},"22":{"loc":{"start":{"line":199,"column":28},"end":{"line":199,"column":78}},"type":"cond-expr","locations":[{"start":{"line":199,"column":41},"end":{"line":199,"column":51}},{"start":{"line":199,"column":51},"end":{"line":199,"column":78}}],"line":199},"23":{"loc":{"start":{"line":199,"column":51},"end":{"line":199,"column":78}},"type":"cond-expr","locations":[{"start":{"line":199,"column":60},"end":{"line":199,"column":72}},{"start":{"line":199,"column":72},"end":{"line":199,"column":78}}],"line":199},"24":{"loc":{"start":{"line":200,"column":9},"end":{"line":200,"column":32}},"type":"cond-expr","locations":[{"start":{"line":200,"column":22},"end":{"line":200,"column":28}},{"start":{"line":200,"column":28},"end":{"line":200,"column":32}}],"line":200},"25":{"loc":{"start":{"line":205,"column":2},"end":{"line":215,"column":null}},"type":"if","locations":[{"start":{"line":205,"column":2},"end":{"line":215,"column":null}},{"start":{},"end":{}}],"line":205},"26":{"loc":{"start":{"line":205,"column":6},"end":{"line":205,"column":72}},"type":"binary-expr","locations":[{"start":{"line":205,"column":6},"end":{"line":205,"column":46}},{"start":{"line":205,"column":46},"end":{"line":205,"column":66}},{"start":{"line":205,"column":66},"end":{"line":205,"column":72}}],"line":205},"27":{"loc":{"start":{"line":211,"column":28},"end":{"line":211,"column":78}},"type":"cond-expr","locations":[{"start":{"line":211,"column":41},"end":{"line":211,"column":51}},{"start":{"line":211,"column":51},"end":{"line":211,"column":78}}],"line":211},"28":{"loc":{"start":{"line":211,"column":51},"end":{"line":211,"column":78}},"type":"cond-expr","locations":[{"start":{"line":211,"column":60},"end":{"line":211,"column":72}},{"start":{"line":211,"column":72},"end":{"line":211,"column":78}}],"line":211},"29":{"loc":{"start":{"line":212,"column":9},"end":{"line":212,"column":32}},"type":"cond-expr","locations":[{"start":{"line":212,"column":22},"end":{"line":212,"column":28}},{"start":{"line":212,"column":28},"end":{"line":212,"column":32}}],"line":212},"30":{"loc":{"start":{"line":217,"column":2},"end":{"line":219,"column":null}},"type":"if","locations":[{"start":{"line":217,"column":2},"end":{"line":219,"column":null}},{"start":{},"end":{}}],"line":217},"31":{"loc":{"start":{"line":221,"column":2},"end":{"line":223,"column":null}},"type":"if","locations":[{"start":{"line":221,"column":2},"end":{"line":223,"column":null}},{"start":{},"end":{}}],"line":221},"32":{"loc":{"start":{"line":221,"column":6},"end":{"line":221,"column":60}},"type":"binary-expr","locations":[{"start":{"line":221,"column":6},"end":{"line":221,"column":24}},{"start":{"line":221,"column":24},"end":{"line":221,"column":60}}],"line":221}},"s":{"0":214,"1":213,"2":1,"3":212,"4":628,"5":212,"6":169,"7":169,"8":43,"9":103,"10":92,"11":11,"12":1,"13":1,"14":1,"15":1,"16":0,"17":0,"18":0,"19":10,"20":1,"21":1,"22":1,"23":1,"24":0,"25":0,"26":0,"27":9,"28":1,"29":8,"30":3,"31":5,"32":69,"33":88,"34":8,"35":65,"36":116,"37":65,"38":92,"39":92,"40":90,"41":2,"42":65,"43":116,"44":3,"45":3,"46":39,"47":0,"48":39,"49":39,"50":39,"51":39,"52":39,"53":39,"54":39,"55":39,"56":1,"57":38,"58":38,"59":1,"60":37,"61":1,"62":1,"63":3,"64":1647,"65":208,"66":208,"67":208,"68":208,"69":1439,"70":206,"71":206,"72":206,"73":206,"74":1233,"75":206,"76":1027,"77":821,"78":206},"f":{"0":214,"1":213,"2":628,"3":103,"4":69,"5":88,"6":8,"7":65,"8":116,"9":92,"10":116,"11":39,"12":1647},"b":{"0":[1,212],"1":[169,43],"2":[212,211],"3":[92,11],"4":[1,10],"5":[1,0],"6":[0,0],"7":[1,9],"8":[1,0],"9":[0,0],"10":[1,8],"11":[3,5],"12":[88,8],"13":[90,2],"14":[0,39],"15":[39,39],"16":[39,39],"17":[1,38],"18":[1,37],"19":[38,38],"20":[208,1439],"21":[1647,208],"22":[83,125],"23":[1,124],"24":[83,125],"25":[206,1233],"26":[1439,206,206],"27":[83,123],"28":[41,82],"29":[83,123],"30":[206,1027],"31":[821,206],"32":[1027,821]},"meta":{"lastBranch":33,"lastFunction":13,"lastStatement":79,"seen":{"f:30:16:30:39":0,"s:31:2:31:Infinity":0,"f:34:16:34:46":1,"b:35:2:35:Infinity:undefined:undefined:undefined:undefined":0,"s:35:2:35:Infinity":1,"s:35:13:35:Infinity":2,"s:36:23:36:Infinity":3,"f:36:38:36:46":2,"s:36:46:36:68":4,"b:37:2:40:Infinity:undefined:undefined:undefined:undefined":1,"s:37:2:40:Infinity":5,"b:37:6:37:27:37:27:37:45":2,"s:38:25:38:Infinity":6,"s:39:4:39:Infinity":7,"s:41:2:41:Infinity":8,"f:44:16:44:40":3,"b:45:2:47:Infinity:undefined:undefined:undefined:undefined":3,"s:45:2:47:Infinity":9,"s:46:4:46:Infinity":10,"b:49:2:55:Infinity:undefined:undefined:undefined:undefined":4,"s:49:2:55:Infinity":11,"s:50:19:50:Infinity":12,"s:51:19:51:Infinity":13,"b:52:4:52:Infinity:undefined:undefined:undefined:undefined":5,"s:52:4:52:Infinity":14,"s:52:25:52:Infinity":15,"b:53:4:53:Infinity:undefined:undefined:undefined:undefined":6,"s:53:4:53:Infinity":16,"s:53:25:53:Infinity":17,"s:54:4:54:Infinity":18,"b:57:2:63:Infinity:undefined:undefined:undefined:undefined":7,"s:57:2:63:Infinity":19,"s:58:19:58:Infinity":20,"s:59:19:59:Infinity":21,"b:60:4:60:Infinity:undefined:undefined:undefined:undefined":8,"s:60:4:60:Infinity":22,"s:60:25:60:Infinity":23,"b:61:4:61:Infinity:undefined:undefined:undefined:undefined":9,"s:61:4:61:Infinity":24,"s:61:25:61:Infinity":25,"s:62:4:62:Infinity":26,"b:65:2:67:Infinity:undefined:undefined:undefined:undefined":10,"s:65:2:67:Infinity":27,"s:66:4:66:Infinity":28,"b:68:2:70:Infinity:undefined:undefined:undefined:undefined":11,"s:68:2:70:Infinity":29,"s:69:4:69:Infinity":30,"s:71:2:71:Infinity":31,"f:74:16:74:Infinity":4,"s:82:2:84:Infinity":32,"b:83:6:83:Infinity:84:6:84:Infinity":12,"f:83:6:83:7":5,"s:83:16:83:Infinity":33,"f:84:6:84:7":6,"s:84:16:84:Infinity":34,"f:87:16:87:30":7,"s:88:25:88:Infinity":35,"f:88:35:88:36":8,"s:88:50:88:76":36,"s:89:2:95:Infinity":37,"f:89:22:89:23":9,"s:90:18:90:Infinity":38,"b:91:4:93:Infinity:undefined:undefined:undefined:undefined":13,"s:91:4:93:Infinity":39,"s:92:6:92:Infinity":40,"s:94:4:94:Infinity":41,"s:96:2:96:Infinity":42,"f:96:28:96:29":10,"s:96:36:96:41":43,"s:99:33:150:Infinity":44,"s:152:37:190:Infinity":45,"f:152:37:152:Infinity":11,"b:159:2:161:Infinity:undefined:undefined:undefined:undefined":14,"s:159:2:161:Infinity":46,"b:159:6:159:20:159:20:159:30":15,"s:160:4:160:Infinity":47,"s:163:2:189:Infinity":48,"s:164:30:164:Infinity":49,"s:165:28:165:Infinity":50,"s:167:23:167:Infinity":51,"b:167:23:167:40:167:40:167:Infinity":16,"s:169:23:169:Infinity":52,"s:171:19:171:Infinity":53,"s:173:21:173:Infinity":54,"b:175:4:177:Infinity:undefined:undefined:undefined:undefined":17,"s:175:4:177:Infinity":55,"s:176:6:176:Infinity":56,"s:179:20:179:Infinity":57,"b:181:4:185:Infinity:183:11:185:Infinity":18,"s:181:4:185:Infinity":58,"b:181:8:181:34:181:34:181:56":19,"s:182:6:182:Infinity":59,"s:184:6:184:Infinity":60,"s:187:4:187:Infinity":61,"s:188:4:188:Infinity":62,"s:192:33:226:Infinity":63,"f:192:33:192:34":12,"b:193:2:203:Infinity:undefined:undefined:undefined:undefined":20,"s:193:2:203:Infinity":64,"b:193:6:193:39:193:39:193:57":21,"s:194:18:194:Infinity":65,"s:195:23:195:Infinity":66,"s:196:19:196:Infinity":67,"s:198:4:201:Infinity":68,"b:199:41:199:51:199:51:199:78":22,"b:199:60:199:72:199:72:199:78":23,"b:200:22:200:28:200:28:200:32":24,"b:205:2:215:Infinity:undefined:undefined:undefined:undefined":25,"s:205:2:215:Infinity":69,"b:205:6:205:46:205:46:205:66:205:66:205:72":26,"s:206:18:206:Infinity":70,"s:207:23:207:Infinity":71,"s:208:19:208:Infinity":72,"s:210:4:213:Infinity":73,"b:211:41:211:51:211:51:211:78":27,"b:211:60:211:72:211:72:211:78":28,"b:212:22:212:28:212:28:212:32":29,"b:217:2:219:Infinity:undefined:undefined:undefined:undefined":30,"s:217:2:219:Infinity":74,"s:218:4:218:Infinity":75,"b:221:2:223:Infinity:undefined:undefined:undefined:undefined":31,"s:221:2:223:Infinity":76,"b:221:6:221:24:221:24:221:60":32,"s:222:4:222:Infinity":77,"s:225:2:225:Infinity":78}}}
}
